[2023-04-26 05:16:34,043][zendron.zendron][INFO] - Sync Starting
[2023-04-26 05:16:34,891][zendron.items][INFO] - Extracting Data Per entry
[2023-04-26 05:16:35,350][zendron.metadata][WARNING] - Tags should not contain spaces. Please remove spaces in Zotero and sync again. Tag: Computer Science - Artificial Intelligence. Title Dendron: GraphFramEx--Towards-Systematic-Evaluation-of-Explainability-Methods-for-Graph-Neural-Networks.
[2023-04-26 05:16:35,350][zendron.metadata][WARNING] - Tags should not contain spaces. Please remove spaces in Zotero and sync again. Tag: Computer Science - Machine Learning. Title Dendron: GraphFramEx--Towards-Systematic-Evaluation-of-Explainability-Methods-for-Graph-Neural-Networks.
[2023-04-26 05:16:37,178][zendron.metadata][WARNING] - Tags should not contain spaces. Please remove spaces in Zotero and sync again. Tag: Computer Science - Machine Learning. Title Dendron: Variational-Graph-Auto-Encoders.
[2023-04-26 05:16:37,178][zendron.metadata][WARNING] - Tags should not contain spaces. Please remove spaces in Zotero and sync again. Tag: Statistics - Machine Learning. Title Dendron: Variational-Graph-Auto-Encoders.
[2023-04-26 05:16:43,463][zendron.zendron][INFO] - Sync Complete
[2023-04-26 05:16:51,731][zendron.zendron][INFO] - Sync Starting
[2023-04-26 05:16:52,811][zendron.items][INFO] - Extracting Data Per entry
[2023-04-26 05:16:53,322][zendron.metadata][WARNING] - Tags should not contain spaces. Please remove spaces in Zotero and sync again. Tag: Computer Science - Artificial Intelligence. Title Dendron: GraphFramEx--Towards-Systematic-Evaluation-of-Explainability-Methods-for-Graph-Neural-Networks.
[2023-04-26 05:16:53,322][zendron.metadata][WARNING] - Tags should not contain spaces. Please remove spaces in Zotero and sync again. Tag: Computer Science - Machine Learning. Title Dendron: GraphFramEx--Towards-Systematic-Evaluation-of-Explainability-Methods-for-Graph-Neural-Networks.
[2023-04-26 05:16:55,863][zendron.metadata][WARNING] - Tags should not contain spaces. Please remove spaces in Zotero and sync again. Tag: Computer Science - Machine Learning. Title Dendron: Variational-Graph-Auto-Encoders.
[2023-04-26 05:16:55,863][zendron.metadata][WARNING] - Tags should not contain spaces. Please remove spaces in Zotero and sync again. Tag: Statistics - Machine Learning. Title Dendron: Variational-Graph-Auto-Encoders.
[2023-04-26 05:17:01,389][zendron.zendron][INFO] - Sync Complete
[2023-04-26 05:22:10,466][zendron.zendron][INFO] - Remove Starting
[2023-04-26 05:22:10,466][zendron.remove][INFO] - Removing all Zendron Note Files
[2023-04-26 05:22:10,466][zendron.remove][INFO] - Removing: notes/zendron.import.*.md
[2023-04-26 05:22:10,467][zendron.remove][INFO] - Removing: notes/zendron.import.date.*.md
[2023-04-26 05:22:10,468][zendron.remove][INFO] - Removing: notes/zendron.import.item-type.*.md
[2023-04-26 05:22:10,468][zendron.remove][INFO] - Removing: notes/zendron.import.title.*.md
[2023-04-26 05:22:10,468][zendron.remove][INFO] - Removing: notes/zendron.import.authors.*.md
[2023-04-26 05:22:10,468][zendron.remove][INFO] - Removing: notes/user.*.md
[2023-04-26 05:22:10,469][zendron.remove][INFO] - Removing: notes/tags.*.md
[2023-04-26 05:22:10,469][zendron.remove][INFO] - Removing: notes/assets/images/zendron-image-import-*.png
[2023-04-26 05:22:10,469][zendron.remove][INFO] - Removing all Zendron Cache
[2023-04-26 05:22:10,469][zendron.remove][INFO] - Removing: zendron_cache/metadata_cache.json
[2023-04-26 05:22:10,470][zendron.remove][INFO] - Removing: zendron_cache/annotations_cache.json
[2023-04-26 05:22:10,470][zendron.remove][INFO] - Creating Missing Linked Notes with Dendron Doctor
[2023-04-26 05:22:14,902][zendron.remove][INFO] - Note Removal Complete
